<?xml version="1.0" encoding="UTF-8"?>
<!-- Generated by org.testng.reporters.JUnitReportReporter -->
<testsuite hostname="Santhu" failures="0" tests="2" name="test.MavenTest1" time="0.011" errors="0" timestamp="2023-03-31T12:57:54 IST" skipped="0">
  <testcase classname="test.MavenTest1" name="TS_02Test" time="0.002"/>
  <system-out/>
  <testcase classname="test.MavenTest1" name="TS_01Test" time="0.009"/>
  <system-out/>
</testsuite> <!-- test.MavenTest1 -->
