<?xml version="1.0" encoding="UTF-8"?>
<!-- Generated by org.testng.reporters.JUnitReportReporter -->
<testsuite hostname="Santhu" failures="0" tests="1" name="test.WriteProperty" time="0.032" errors="0" timestamp="2023-04-07T15:02:00 IST" skipped="0">
  <testcase classname="test.WriteProperty" name="write" time="0.032"/>
  <system-out/>
</testsuite> <!-- test.WriteProperty -->
