<?xml version="1.0" encoding="UTF-8"?>
<!-- Generated by org.testng.reporters.JUnitReportReporter -->
<testsuite hostname="Santhu" failures="0" tests="1" name="test.ParameterAtCmd" time="0.058" errors="0" timestamp="2023-03-31T17:24:22 IST" skipped="0">
  <testcase classname="test.ParameterAtCmd" name="param" time="0.058"/>
  <system-out/>
</testsuite> <!-- test.ParameterAtCmd -->
