<?xml version="1.0" encoding="UTF-8"?>
<!-- Generated by org.testng.reporters.JUnitReportReporter -->
<testsuite hostname="Santhu" failures="0" tests="1" name="test.MavenGit" time="0.100" errors="0" timestamp="2023-04-05T10:18:27 IST" skipped="0">
  <testcase classname="test.MavenGit" name="gitTest" time="0.100"/>
  <system-out/>
</testsuite> <!-- test.MavenGit -->
